#
# There is insufficient memory for the Java Runtime Environment to continue.
# Native memory allocation (mmap) failed to map 268435456 bytes. Error detail: G1 virtual space
# Possible reasons:
#   The system is out of physical RAM or swap space
#   This process is running with CompressedOops enabled, and the Java Heap may be blocking the growth of the native heap
# Possible solutions:
#   Reduce memory load on the system
#   Increase physical memory or swap space
#   Check if swap backing store is full
#   Decrease Java heap size (-Xmx/-Xms)
#   Decrease number of Java threads
#   Decrease Java thread stack sizes (-Xss)
#   Set larger code cache with -XX:ReservedCodeCacheSize=
#   JVM is running with Zero Based Compressed Oops mode in which the Java heap is
#     placed in the first 32GB address space. The Java Heap base address is the
#     maximum limit for the native heap growth. Please use -XX:HeapBaseMinAddress
#     to set the Java Heap base and to place the Java Heap above 32GB virtual address.
# This output file may be truncated or incomplete.
#
#  Out of Memory Error (os_windows.cpp:3707), pid=10964, tid=6668
#
# JRE version:  (23.0.2+7) (build )
# Java VM: Java HotSpot(TM) 64-Bit Server VM (23.0.2+7-58, mixed mode, sharing, tiered, compressed oops, compressed class ptrs, g1 gc, windows-amd64)
# No core dump will be written. Minidumps are not enabled by default on client versions of Windows
#

---------------  S U M M A R Y ------------

Command Line: -Dfile.encoding=UTF-8 -Dstdout.encoding=UTF-8 -Dstderr.encoding=UTF-8 -XX:+ShowCodeDetailsInExceptionMessages miPaquete.Principal

Host: Intel(R) Core(TM) i5-4670T CPU @ 2.30GHz, 4 cores, 15G,  Windows 11 , 64 bit Build 22621 (10.0.22621.3958)
Time: Mon May  5 13:36:30 2025 Hora de verano romance elapsed time: 0.014489 seconds (0d 0h 0m 0s)

---------------  T H R E A D  ---------------

Current thread (0x00000275ba830660):  JavaThread "Unknown thread" [_thread_in_vm, id=6668, stack(0x000000858c400000,0x000000858c500000) (1024K)]

Stack: [0x000000858c400000,0x000000858c500000]
Native frames: (J=compiled Java code, j=interpreted, Vv=VM code, C=native code)
V  [jvm.dll+0x6e0b99]  (no source info available)
V  [jvm.dll+0x87e2b3]  (no source info available)
V  [jvm.dll+0x88073e]  (no source info available)
V  [jvm.dll+0x880e13]  (no source info available)
V  [jvm.dll+0x27b006]  (no source info available)
V  [jvm.dll+0x6dd485]  (no source info available)
V  [jvm.dll+0x6d127a]  (no source info available)
V  [jvm.dll+0x35b50a]  (no source info available)
V  [jvm.dll+0x363916]  (no source info available)
V  [jvm.dll+0x34fe7e]  (no source info available)
V  [jvm.dll+0x350118]  (no source info available)
V  [jvm.dll+0x328aec]  (no source info available)
V  [jvm.dll+0x32978e]  (no source info available)
V  [jvm.dll+0x8449a5]  (no source info available)
V  [jvm.dll+0x3b9a08]  (no source info available)
V  [jvm.dll+0x82d68c]  (no source info available)
V  [jvm.dll+0x454f2e]  (no source info available)
V  [jvm.dll+0x456db1]  (no source info available)
C  [jli.dll+0x52a3]  (no source info available)
C  [ucrtbase.dll+0x29333]  (no source info available)
C  [KERNEL32.DLL+0x1257d]  (no source info available)
C  [ntdll.dll+0x5af08]  (no source info available)

Lock stack of current Java thread (top to bottom):


---------------  P R O C E S S  ---------------

Threads class SMR info:
_java_thread_list=0x00007fff4e894618, length=0, elements={
}

Java Threads: ( => current thread )
Total: 0

Other Threads:
  0x00000275baa00650 WorkerThread "GC Thread#0"                     [id=13124, stack(0x000000858c500000,0x000000858c600000) (1024K)]
  0x00000275baa16430 ConcurrentGCThread "G1 Main Marker"            [id=4776, stack(0x000000858c600000,0x000000858c700000) (1024K)]
  0x00000275baa16f40 WorkerThread "G1 Conc#0"                       [id=17444, stack(0x000000858c700000,0x000000858c800000) (1024K)]

[error occurred during error reporting (printing all threads), id 0xc0000005, EXCEPTION_ACCESS_VIOLATION (0xc0000005) at pc=0x00007fff4dfdc0da]
VM state: not at safepoint (not fully initialized)

VM Mutex/Monitor currently owned by a thread:  ([mutex/lock_event])
[0x00007fff4e914988] Heap_lock - owner thread: 0x00000275ba830660

Heap address: 0x0000000701600000, size: 4074 MB, Compressed Oops mode: Zero based, Oop shift amount: 3

CDS archive(s) mapped at: [0x0000000000000000-0x0000000000000000-0x0000000000000000), size 0, SharedBaseAddress: 0x0000000800000000, ArchiveRelocationMode: 1.
Narrow klass base: 0x0000000000000000, Narrow klass shift: 0, Narrow klass range: 0x0

GC Precious Log:
 CardTable entry size: 512
 Card Set container configuration: InlinePtr #cards 4 size 8 Array Of Cards #cards 16 size 48 Howl #buckets 8 coarsen threshold 3686 Howl Bitmap #cards 512 size 80 coarsen threshold 460 Card regions per heap region 1 cards per card region 4096

Heap:
 garbage-first heap   total reserved 4171776K, committed 0K, used 0K [0x0000000701600000, 0x0000000800000000)
  region size 2048K, 0 young (0K), 0 survivors (0K)

[error occurred during error reporting (printing heap information), id 0xc0000005, EXCEPTION_ACCESS_VIOLATION (0xc0000005) at pc=0x00007fff4e3dc6a9]
GC Heap History (0 events):
No events

Dll operation events (1 events):
Event: 0.009 Loaded shared library C:\Program Files\Java\jdk-23\bin\java.dll

Deoptimization events (0 events):
No events

Classes loaded (0 events):
No events

Classes unloaded (0 events):
No events

Classes redefined (0 events):
No events

Internal exceptions (0 events):
No events

VM Operations (0 events):
No events

Memory protections (0 events):
No events

Nmethod flushes (0 events):
No events

Events (0 events):
No events


Dynamic libraries:
0x00007ff6fa4c0000 - 0x00007ff6fa4d0000 	C:\Program Files\Java\jdk-23\bin\javaw.exe
0x00007fff92350000 - 0x00007fff92567000 	C:\Windows\SYSTEM32\ntdll.dll
0x00007fff90920000 - 0x00007fff909e4000 	C:\Windows\System32\KERNEL32.DLL
0x00007fff8f9e0000 - 0x00007fff8fd97000 	C:\Windows\System32\KERNELBASE.dll
0x00007fff8fda0000 - 0x00007fff8feb1000 	C:\Windows\System32\ucrtbase.dll
0x00007fff8ba50000 - 0x00007fff8ba67000 	C:\Program Files\Java\jdk-23\bin\jli.dll
0x00007fff8ba70000 - 0x00007fff8ba8b000 	C:\Program Files\Java\jdk-23\bin\VCRUNTIME140.dll
0x00007fff91530000 - 0x00007fff916df000 	C:\Windows\System32\USER32.dll
0x00007fff90050000 - 0x00007fff90076000 	C:\Windows\System32\win32u.dll
0x00007fff917e0000 - 0x00007fff91809000 	C:\Windows\System32\GDI32.dll
0x00007fff819e0000 - 0x00007fff81c73000 	C:\Windows\WinSxS\amd64_microsoft.windows.common-controls_6595b64144ccf1df_6.0.22621.3672_none_2713b9d173822955\COMCTL32.dll
0x00007fff8f7d0000 - 0x00007fff8f8e8000 	C:\Windows\System32\gdi32full.dll
0x00007fff90080000 - 0x00007fff90127000 	C:\Windows\System32\msvcrt.dll
0x00007fff8ffb0000 - 0x00007fff9004a000 	C:\Windows\System32\msvcp_win.dll
0x00007fff90780000 - 0x00007fff907b1000 	C:\Windows\System32\IMM32.DLL
0x00007fff8c060000 - 0x00007fff8c06c000 	C:\Program Files\Java\jdk-23\bin\vcruntime140_1.dll
0x00007fff842d0000 - 0x00007fff8435e000 	C:\Program Files\Java\jdk-23\bin\msvcp140.dll
0x00007fff4dca0000 - 0x00007fff4e9f0000 	C:\Program Files\Java\jdk-23\bin\server\jvm.dll
0x00007fff90e40000 - 0x00007fff90ef2000 	C:\Windows\System32\ADVAPI32.dll
0x00007fff905c0000 - 0x00007fff90668000 	C:\Windows\System32\sechost.dll
0x00007fff8ff80000 - 0x00007fff8ffa8000 	C:\Windows\System32\bcrypt.dll
0x00007fff91290000 - 0x00007fff913a4000 	C:\Windows\System32\RPCRT4.dll
0x00007fff916e0000 - 0x00007fff91751000 	C:\Windows\System32\WS2_32.dll
0x00007fff8f530000 - 0x00007fff8f57d000 	C:\Windows\SYSTEM32\POWRPROF.dll
0x00007fff81820000 - 0x00007fff81854000 	C:\Windows\SYSTEM32\WINMM.dll
0x00007fff7dbc0000 - 0x00007fff7dbca000 	C:\Windows\SYSTEM32\VERSION.dll
0x00007fff8f510000 - 0x00007fff8f523000 	C:\Windows\SYSTEM32\UMPDC.dll
0x00007fff8e6b0000 - 0x00007fff8e6c8000 	C:\Windows\SYSTEM32\kernel.appcore.dll
0x00007fff8bc40000 - 0x00007fff8bc4a000 	C:\Program Files\Java\jdk-23\bin\jimage.dll
0x00007fff7c510000 - 0x00007fff7c742000 	C:\Windows\SYSTEM32\DBGHELP.DLL
0x00007fff90f00000 - 0x00007fff9128e000 	C:\Windows\System32\combase.dll
0x00007fff91810000 - 0x00007fff918e7000 	C:\Windows\System32\OLEAUT32.dll
0x00007fff7ab00000 - 0x00007fff7ab32000 	C:\Windows\SYSTEM32\dbgcore.DLL
0x00007fff8f960000 - 0x00007fff8f9db000 	C:\Windows\System32\bcryptPrimitives.dll
0x00007fff8b900000 - 0x00007fff8b91e000 	C:\Program Files\Java\jdk-23\bin\java.dll
0x00007fff918f0000 - 0x00007fff91a95000 	C:\Windows\System32\ole32.dll
0x00007fff91aa0000 - 0x00007fff92309000 	C:\Windows\System32\SHELL32.dll

dbghelp: loaded successfully - version: 4.0.5 - missing functions: none
symbol engine: initialized successfully - sym options: 0x614 - pdb path: .;C:\Program Files\Java\jdk-23\bin;C:\Windows\SYSTEM32;C:\Windows\WinSxS\amd64_microsoft.windows.common-controls_6595b64144ccf1df_6.0.22621.3672_none_2713b9d173822955;C:\Program Files\Java\jdk-23\bin\server

VM Arguments:
jvm_args: -Dfile.encoding=UTF-8 -Dstdout.encoding=UTF-8 -Dstderr.encoding=UTF-8 -XX:+ShowCodeDetailsInExceptionMessages 
java_command: miPaquete.Principal
java_class_path (initial): C:\programacion\java\Programacion_H2_Parte1_3T_DiegoGranado\bin;C:\programacion\java\jdbc\mysql-connector-j-9.3.0.jar
Launcher Type: SUN_STANDARD

[Global flags]
     intx CICompilerCount                          = 3                                         {product} {ergonomic}
     uint ConcGCThreads                            = 1                                         {product} {ergonomic}
     uint G1ConcRefinementThreads                  = 4                                         {product} {ergonomic}
   size_t G1HeapRegionSize                         = 2097152                                   {product} {ergonomic}
   size_t InitialHeapSize                          = 268435456                                 {product} {ergonomic}
   size_t MarkStackSize                            = 4194304                                   {product} {ergonomic}
   size_t MarkStackSizeMax                         = 536870912                                 {product} {ergonomic}
   size_t MaxHeapSize                              = 4271898624                                {product} {ergonomic}
   size_t MinHeapDeltaBytes                        = 2097152                                   {product} {ergonomic}
   size_t MinHeapSize                              = 8388608                                   {product} {ergonomic}
    uintx NonNMethodCodeHeapSize                   = 5832704                                {pd product} {ergonomic}
    uintx NonProfiledCodeHeapSize                  = 122945536                              {pd product} {ergonomic}
    uintx ProfiledCodeHeapSize                     = 122880000                              {pd product} {ergonomic}
    uintx ReservedCodeCacheSize                    = 251658240                              {pd product} {ergonomic}
     bool SegmentedCodeCache                       = true                                      {product} {ergonomic}
     bool ShowCodeDetailsInExceptionMessages       = true                                   {manageable} {command line}
   size_t SoftMaxHeapSize                          = 4271898624                             {manageable} {ergonomic}
     bool UseCompressedOops                        = true                           {product lp64_product} {ergonomic}
     bool UseG1GC                                  = true                                      {product} {ergonomic}
     bool UseLargePagesIndividualAllocation        = false                                  {pd product} {ergonomic}

Logging:
Log output configuration:
 #0: stdout all=warning uptime,level,tags foldmultilines=false
 #1: stderr all=off uptime,level,tags foldmultilines=false

Environment Variables:
PATH=C:\app\CAMPUSFP\product\21c\dbhomeXE\bin;C:\Program Files\Common Files\Oracle\Java\javapath;C:\Windows\system32;C:\Windows;C:\Windows\System32\Wbem;C:\Windows\System32\WindowsPowerShell\v1.0\;C:\Windows\System32\OpenSSH\;C:\Program Files\Git\cmd;C:\Program Files\Docker\Docker\resources\bin;C:\Program Files\MySQL\MySQL Shell 8.0\bin\;C:\Users\CAMPUSFP\AppData\Local\Microsoft\WindowsApps;C:\Users\CAMPUSFP\AppData\Local\Programs\Microsoft VS Code\bin;C:\ProgramData\CAMPUSFP\GitHubDesktop\bin;C:\Users\CAMPUSFP\AppData\Local\GitHubDesktop\bin;C:\XAMPP\php;C:\Users\CAMPUSFP\.lmstudio\bin;C:\Program Files\MongoDB\Server\8.0\bin;
USERNAME=CAMPUSFP
OS=Windows_NT
PROCESSOR_IDENTIFIER=Intel64 Family 6 Model 60 Stepping 3, GenuineIntel
TMP=C:\Users\CAMPUSFP\AppData\Local\Temp
TEMP=C:\Users\CAMPUSFP\AppData\Local\Temp




Periodic native trim disabled

---------------  S Y S T E M  ---------------

OS:
 Windows 11 , 64 bit Build 22621 (10.0.22621.3958)
OS uptime: 107 days 22:32 hours
Hyper-V role detected

CPU: total 4 (initial active 4) (4 cores per cpu, 1 threads per core) family 6 model 60 stepping 3 microcode 0x28, cx8, cmov, fxsr, mmx, sse, sse2, sse3, ssse3, sse4.1, sse4.2, popcnt, lzcnt, tsc, tscinvbit, avx, avx2, aes, erms, clmul, bmi1, bmi2, fma, vzeroupper, clflush, hv, rdtscp, f16c
Processor Information for the first 4 processors :
  Max Mhz: 2301, Current Mhz: 2301, Mhz Limit: 2301

Memory: 4k page, system-wide physical 16290M (5232M free)
TotalPageFile size 65442M (AvailPageFile size 236M)
current process WorkingSet (physical memory assigned to process): 12M, peak: 12M
current process commit charge ("private bytes"): 52M, peak: 308M

vm_info: Java HotSpot(TM) 64-Bit Server VM (23.0.2+7-58) for windows-amd64 JRE (23.0.2+7-58), built on 2024-11-29T09:34:55Z with MS VC++ 17.6 (VS2022)

END.
