#
# There is insufficient memory for the Java Runtime Environment to continue.
# Native memory allocation (malloc) failed to allocate 32744 bytes. Error detail: Chunk::new
# Possible reasons:
#   The system is out of physical RAM or swap space
#   This process is running with CompressedOops enabled, and the Java Heap may be blocking the growth of the native heap
# Possible solutions:
#   Reduce memory load on the system
#   Increase physical memory or swap space
#   Check if swap backing store is full
#   Decrease Java heap size (-Xmx/-Xms)
#   Decrease number of Java threads
#   Decrease Java thread stack sizes (-Xss)
#   Set larger code cache with -XX:ReservedCodeCacheSize=
#   JVM is running with Zero Based Compressed Oops mode in which the Java heap is
#     placed in the first 32GB address space. The Java Heap base address is the
#     maximum limit for the native heap growth. Please use -XX:HeapBaseMinAddress
#     to set the Java Heap base and to place the Java Heap above 32GB virtual address.
# This output file may be truncated or incomplete.
#
#  Out of Memory Error (arena.cpp:149), pid=10752, tid=1232
#
# JRE version: Java(TM) SE Runtime Environment (23.0.2+7) (build 23.0.2+7-58)
# Java VM: Java HotSpot(TM) 64-Bit Server VM (23.0.2+7-58, mixed mode, sharing, tiered, compressed oops, compressed class ptrs, g1 gc, windows-amd64)
# No core dump will be written. Minidumps are not enabled by default on client versions of Windows
#

---------------  S U M M A R Y ------------

Command Line: -Dfile.encoding=UTF-8 -Dstdout.encoding=UTF-8 -Dstderr.encoding=UTF-8 -XX:+ShowCodeDetailsInExceptionMessages miPaquete.Principal

Host: Intel(R) Core(TM) i5-4670T CPU @ 2.30GHz, 4 cores, 15G,  Windows 11 , 64 bit Build 22621 (10.0.22621.3958)
Time: Mon May  5 13:09:54 2025 Hora de verano romance elapsed time: 337.555626 seconds (0d 0h 5m 37s)

---------------  T H R E A D  ---------------

Current thread (0x0000029c41028050):  JavaThread "C1 CompilerThread0" daemon [_thread_in_native, id=1232, stack(0x000000a7e5700000,0x000000a7e5800000) (1024K)]


Current CompileTask:
C1:337555 1028       3       java.net.URLStreamHandler::parseURL (1124 bytes)

Stack: [0x000000a7e5700000,0x000000a7e5800000]
Native frames: (J=compiled Java code, j=interpreted, Vv=VM code, C=native code)
V  [jvm.dll+0x6e0b99]  (no source info available)
V  [jvm.dll+0x87e2b3]  (no source info available)
V  [jvm.dll+0x88073e]  (no source info available)
V  [jvm.dll+0x880e13]  (no source info available)
V  [jvm.dll+0x27b006]  (no source info available)
V  [jvm.dll+0xbc06f]  (no source info available)
V  [jvm.dll+0xbc2cb]  (no source info available)
V  [jvm.dll+0x16032b]  (no source info available)
V  [jvm.dll+0x163696]  (no source info available)
V  [jvm.dll+0x163071]  (no source info available)
V  [jvm.dll+0x15a872]  (no source info available)
V  [jvm.dll+0x15caea]  (no source info available)
V  [jvm.dll+0x15b01c]  (no source info available)
V  [jvm.dll+0x163ba1]  (no source info available)
V  [jvm.dll+0x163071]  (no source info available)
V  [jvm.dll+0x15a872]  (no source info available)
V  [jvm.dll+0x15caea]  (no source info available)
V  [jvm.dll+0x15b115]  (no source info available)
V  [jvm.dll+0x163ba1]  (no source info available)
V  [jvm.dll+0x163071]  (no source info available)
V  [jvm.dll+0x15a872]  (no source info available)
V  [jvm.dll+0x15caea]  (no source info available)
V  [jvm.dll+0x15b115]  (no source info available)
V  [jvm.dll+0x15463f]  (no source info available)
V  [jvm.dll+0x164cf1]  (no source info available)
V  [jvm.dll+0x14fd7b]  (no source info available)
V  [jvm.dll+0x150173]  (no source info available)
V  [jvm.dll+0x1504db]  (no source info available)
V  [jvm.dll+0x14f8a8]  (no source info available)
V  [jvm.dll+0x1516ed]  (no source info available)
V  [jvm.dll+0x253df1]  (no source info available)
V  [jvm.dll+0x2520aa]  (no source info available)
V  [jvm.dll+0x3ee226]  (no source info available)
V  [jvm.dll+0x8254cb]  (no source info available)
V  [jvm.dll+0x6df345]  (no source info available)
C  [ucrtbase.dll+0x29333]  (no source info available)
C  [KERNEL32.DLL+0x1257d]  (no source info available)
C  [ntdll.dll+0x5af08]  (no source info available)

Lock stack of current Java thread (top to bottom):


---------------  P R O C E S S  ---------------

Threads class SMR info:
_java_thread_list=0x0000029c41670820, length=12, elements={
0x0000029c434bd1a0, 0x0000029c6426c060, 0x0000029c6426d7d0, 0x0000029c64270760,
0x0000029c642731d0, 0x0000029c64274580, 0x0000029c64275930, 0x0000029c642a46e0,
0x0000029c41028050, 0x0000029c4113a8c0, 0x0000029c41142770, 0x0000029c4124d2b0
}

Java Threads: ( => current thread )
  0x0000029c434bd1a0 JavaThread "main"                              [_thread_in_native, id=18060, stack(0x000000a7e4800000,0x000000a7e4900000) (1024K)]
  0x0000029c6426c060 JavaThread "Reference Handler"          daemon [_thread_blocked, id=6672, stack(0x000000a7e5000000,0x000000a7e5100000) (1024K)]
  0x0000029c6426d7d0 JavaThread "Finalizer"                  daemon [_thread_blocked, id=13948, stack(0x000000a7e5100000,0x000000a7e5200000) (1024K)]
  0x0000029c64270760 JavaThread "Signal Dispatcher"          daemon [_thread_blocked, id=17544, stack(0x000000a7e5200000,0x000000a7e5300000) (1024K)]
  0x0000029c642731d0 JavaThread "Attach Listener"            daemon [_thread_blocked, id=11224, stack(0x000000a7e5300000,0x000000a7e5400000) (1024K)]
  0x0000029c64274580 JavaThread "Service Thread"             daemon [_thread_blocked, id=7364, stack(0x000000a7e5400000,0x000000a7e5500000) (1024K)]
  0x0000029c64275930 JavaThread "Monitor Deflation Thread"   daemon [_thread_blocked, id=6132, stack(0x000000a7e5500000,0x000000a7e5600000) (1024K)]
  0x0000029c642a46e0 JavaThread "C2 CompilerThread0"         daemon [_thread_blocked, id=4308, stack(0x000000a7e5600000,0x000000a7e5700000) (1024K)]
=>0x0000029c41028050 JavaThread "C1 CompilerThread0"         daemon [_thread_in_native, id=1232, stack(0x000000a7e5700000,0x000000a7e5800000) (1024K)]
  0x0000029c4113a8c0 JavaThread "Notification Thread"        daemon [_thread_blocked, id=8980, stack(0x000000a7e5800000,0x000000a7e5900000) (1024K)]
  0x0000029c41142770 JavaThread "Common-Cleaner"             daemon [_thread_blocked, id=8916, stack(0x000000a7e5900000,0x000000a7e5a00000) (1024K)]
  0x0000029c4124d2b0 JavaThread "mysql-cj-abandoned-connection-cleanup" daemon [_thread_blocked, id=13808, stack(0x000000a7e5a00000,0x000000a7e5b00000) (1024K)]
Total: 12

Other Threads:
  0x0000029c64250670 VMThread "VM Thread"                           [id=14068, stack(0x000000a7e4f00000,0x000000a7e5000000) (1024K)]
  0x0000029c6423ab60 WatcherThread "VM Periodic Task Thread"        [id=14608, stack(0x000000a7e4e00000,0x000000a7e4f00000) (1024K)]
  0x0000029c456fe840 WorkerThread "GC Thread#0"                     [id=1636, stack(0x000000a7e4900000,0x000000a7e4a00000) (1024K)]
  0x0000029c457136c0 ConcurrentGCThread "G1 Main Marker"            [id=15896, stack(0x000000a7e4a00000,0x000000a7e4b00000) (1024K)]
  0x0000029c45714b20 WorkerThread "G1 Conc#0"                       [id=13852, stack(0x000000a7e4b00000,0x000000a7e4c00000) (1024K)]
  0x0000029c640fe540 ConcurrentGCThread "G1 Refine#0"               [id=17308, stack(0x000000a7e4c00000,0x000000a7e4d00000) (1024K)]
  0x0000029c64101830 ConcurrentGCThread "G1 Service"                [id=13256, stack(0x000000a7e4d00000,0x000000a7e4e00000) (1024K)]
Total: 7

Threads with active compile tasks:
C1 CompilerThread0  337608 1028       3       java.net.URLStreamHandler::parseURL (1124 bytes)
Total: 1

VM state: not at safepoint (normal execution)

VM Mutex/Monitor currently owned by a thread: None

Heap address: 0x0000000701600000, size: 4074 MB, Compressed Oops mode: Zero based, Oop shift amount: 3

CDS archive(s) mapped at: [0x0000029c00000000-0x0000029c00d70000-0x0000029c00d70000), size 14090240, SharedBaseAddress: 0x0000029c00000000, ArchiveRelocationMode: 1.
Compressed class space mapped at: 0x0000029c01000000-0x0000029c41000000, reserved size: 1073741824
Narrow klass base: 0x0000029c00000000, Narrow klass shift: 0, Narrow klass range: 0x41000000

GC Precious Log:
 CardTable entry size: 512
 Card Set container configuration: InlinePtr #cards 4 size 8 Array Of Cards #cards 16 size 48 Howl #buckets 8 coarsen threshold 3686 Howl Bitmap #cards 512 size 80 coarsen threshold 460 Card regions per heap region 1 cards per card region 4096
 CPUs: 4 total, 4 available
 Memory: 16290M
 Large Page Support: Disabled
 NUMA Support: Disabled
 Compressed Oops: Enabled (Zero based)
 Heap Region Size: 2M
 Heap Min Capacity: 8M
 Heap Initial Capacity: 256M
 Heap Max Capacity: 4074M
 Pre-touch: Disabled
 Parallel Workers: 4
 Concurrent Workers: 1
 Concurrent Refinement Workers: 4
 Periodic GC: Disabled

Heap:
 garbage-first heap   total reserved 4171776K, committed 262144K, used 12288K [0x0000000701600000, 0x0000000800000000)
  region size 2048K, 7 young (14336K), 0 survivors (0K)
 Metaspace       used 5302K, committed 5440K, reserved 1114112K
  class space    used 518K, committed 576K, reserved 1048576K

Heap Regions: E=young(eden), S=young(survivor), O=old, HS=humongous(starts), HC=humongous(continues), CS=collection set, F=free, TAMS=top-at-mark-start, PB=parsable bottom
|   0|0x0000000701600000, 0x0000000701600000, 0x0000000701800000|  0%| F|  |TAMS 0x0000000701600000| PB 0x0000000701600000| Untracked |  0
|   1|0x0000000701800000, 0x0000000701800000, 0x0000000701a00000|  0%| F|  |TAMS 0x0000000701800000| PB 0x0000000701800000| Untracked |  0
|   2|0x0000000701a00000, 0x0000000701a00000, 0x0000000701c00000|  0%| F|  |TAMS 0x0000000701a00000| PB 0x0000000701a00000| Untracked |  0
|   3|0x0000000701c00000, 0x0000000701c00000, 0x0000000701e00000|  0%| F|  |TAMS 0x0000000701c00000| PB 0x0000000701c00000| Untracked |  0
|   4|0x0000000701e00000, 0x0000000701e00000, 0x0000000702000000|  0%| F|  |TAMS 0x0000000701e00000| PB 0x0000000701e00000| Untracked |  0
|   5|0x0000000702000000, 0x0000000702000000, 0x0000000702200000|  0%| F|  |TAMS 0x0000000702000000| PB 0x0000000702000000| Untracked |  0
|   6|0x0000000702200000, 0x0000000702200000, 0x0000000702400000|  0%| F|  |TAMS 0x0000000702200000| PB 0x0000000702200000| Untracked |  0
|   7|0x0000000702400000, 0x0000000702400000, 0x0000000702600000|  0%| F|  |TAMS 0x0000000702400000| PB 0x0000000702400000| Untracked |  0
|   8|0x0000000702600000, 0x0000000702600000, 0x0000000702800000|  0%| F|  |TAMS 0x0000000702600000| PB 0x0000000702600000| Untracked |  0
|   9|0x0000000702800000, 0x0000000702800000, 0x0000000702a00000|  0%| F|  |TAMS 0x0000000702800000| PB 0x0000000702800000| Untracked |  0
|  10|0x0000000702a00000, 0x0000000702a00000, 0x0000000702c00000|  0%| F|  |TAMS 0x0000000702a00000| PB 0x0000000702a00000| Untracked |  0
|  11|0x0000000702c00000, 0x0000000702c00000, 0x0000000702e00000|  0%| F|  |TAMS 0x0000000702c00000| PB 0x0000000702c00000| Untracked |  0
|  12|0x0000000702e00000, 0x0000000702e00000, 0x0000000703000000|  0%| F|  |TAMS 0x0000000702e00000| PB 0x0000000702e00000| Untracked |  0
|  13|0x0000000703000000, 0x0000000703000000, 0x0000000703200000|  0%| F|  |TAMS 0x0000000703000000| PB 0x0000000703000000| Untracked |  0
|  14|0x0000000703200000, 0x0000000703200000, 0x0000000703400000|  0%| F|  |TAMS 0x0000000703200000| PB 0x0000000703200000| Untracked |  0
|  15|0x0000000703400000, 0x0000000703400000, 0x0000000703600000|  0%| F|  |TAMS 0x0000000703400000| PB 0x0000000703400000| Untracked |  0
|  16|0x0000000703600000, 0x0000000703600000, 0x0000000703800000|  0%| F|  |TAMS 0x0000000703600000| PB 0x0000000703600000| Untracked |  0
|  17|0x0000000703800000, 0x0000000703800000, 0x0000000703a00000|  0%| F|  |TAMS 0x0000000703800000| PB 0x0000000703800000| Untracked |  0
|  18|0x0000000703a00000, 0x0000000703a00000, 0x0000000703c00000|  0%| F|  |TAMS 0x0000000703a00000| PB 0x0000000703a00000| Untracked |  0
|  19|0x0000000703c00000, 0x0000000703c00000, 0x0000000703e00000|  0%| F|  |TAMS 0x0000000703c00000| PB 0x0000000703c00000| Untracked |  0
|  20|0x0000000703e00000, 0x0000000703e00000, 0x0000000704000000|  0%| F|  |TAMS 0x0000000703e00000| PB 0x0000000703e00000| Untracked |  0
|  21|0x0000000704000000, 0x0000000704000000, 0x0000000704200000|  0%| F|  |TAMS 0x0000000704000000| PB 0x0000000704000000| Untracked |  0
|  22|0x0000000704200000, 0x0000000704200000, 0x0000000704400000|  0%| F|  |TAMS 0x0000000704200000| PB 0x0000000704200000| Untracked |  0
|  23|0x0000000704400000, 0x0000000704400000, 0x0000000704600000|  0%| F|  |TAMS 0x0000000704400000| PB 0x0000000704400000| Untracked |  0
|  24|0x0000000704600000, 0x0000000704600000, 0x0000000704800000|  0%| F|  |TAMS 0x0000000704600000| PB 0x0000000704600000| Untracked |  0
|  25|0x0000000704800000, 0x0000000704800000, 0x0000000704a00000|  0%| F|  |TAMS 0x0000000704800000| PB 0x0000000704800000| Untracked |  0
|  26|0x0000000704a00000, 0x0000000704a00000, 0x0000000704c00000|  0%| F|  |TAMS 0x0000000704a00000| PB 0x0000000704a00000| Untracked |  0
|  27|0x0000000704c00000, 0x0000000704c00000, 0x0000000704e00000|  0%| F|  |TAMS 0x0000000704c00000| PB 0x0000000704c00000| Untracked |  0
|  28|0x0000000704e00000, 0x0000000704e00000, 0x0000000705000000|  0%| F|  |TAMS 0x0000000704e00000| PB 0x0000000704e00000| Untracked |  0
|  29|0x0000000705000000, 0x0000000705000000, 0x0000000705200000|  0%| F|  |TAMS 0x0000000705000000| PB 0x0000000705000000| Untracked |  0
|  30|0x0000000705200000, 0x0000000705200000, 0x0000000705400000|  0%| F|  |TAMS 0x0000000705200000| PB 0x0000000705200000| Untracked |  0
|  31|0x0000000705400000, 0x0000000705400000, 0x0000000705600000|  0%| F|  |TAMS 0x0000000705400000| PB 0x0000000705400000| Untracked |  0
|  32|0x0000000705600000, 0x0000000705600000, 0x0000000705800000|  0%| F|  |TAMS 0x0000000705600000| PB 0x0000000705600000| Untracked |  0
|  33|0x0000000705800000, 0x0000000705800000, 0x0000000705a00000|  0%| F|  |TAMS 0x0000000705800000| PB 0x0000000705800000| Untracked |  0
|  34|0x0000000705a00000, 0x0000000705a00000, 0x0000000705c00000|  0%| F|  |TAMS 0x0000000705a00000| PB 0x0000000705a00000| Untracked |  0
|  35|0x0000000705c00000, 0x0000000705c00000, 0x0000000705e00000|  0%| F|  |TAMS 0x0000000705c00000| PB 0x0000000705c00000| Untracked |  0
|  36|0x0000000705e00000, 0x0000000705e00000, 0x0000000706000000|  0%| F|  |TAMS 0x0000000705e00000| PB 0x0000000705e00000| Untracked |  0
|  37|0x0000000706000000, 0x0000000706000000, 0x0000000706200000|  0%| F|  |TAMS 0x0000000706000000| PB 0x0000000706000000| Untracked |  0
|  38|0x0000000706200000, 0x0000000706200000, 0x0000000706400000|  0%| F|  |TAMS 0x0000000706200000| PB 0x0000000706200000| Untracked |  0
|  39|0x0000000706400000, 0x0000000706400000, 0x0000000706600000|  0%| F|  |TAMS 0x0000000706400000| PB 0x0000000706400000| Untracked |  0
|  40|0x0000000706600000, 0x0000000706600000, 0x0000000706800000|  0%| F|  |TAMS 0x0000000706600000| PB 0x0000000706600000| Untracked |  0
|  41|0x0000000706800000, 0x0000000706800000, 0x0000000706a00000|  0%| F|  |TAMS 0x0000000706800000| PB 0x0000000706800000| Untracked |  0
|  42|0x0000000706a00000, 0x0000000706a00000, 0x0000000706c00000|  0%| F|  |TAMS 0x0000000706a00000| PB 0x0000000706a00000| Untracked |  0
|  43|0x0000000706c00000, 0x0000000706c00000, 0x0000000706e00000|  0%| F|  |TAMS 0x0000000706c00000| PB 0x0000000706c00000| Untracked |  0
|  44|0x0000000706e00000, 0x0000000706e00000, 0x0000000707000000|  0%| F|  |TAMS 0x0000000706e00000| PB 0x0000000706e00000| Untracked |  0
|  45|0x0000000707000000, 0x0000000707000000, 0x0000000707200000|  0%| F|  |TAMS 0x0000000707000000| PB 0x0000000707000000| Untracked |  0
|  46|0x0000000707200000, 0x0000000707200000, 0x0000000707400000|  0%| F|  |TAMS 0x0000000707200000| PB 0x0000000707200000| Untracked |  0
|  47|0x0000000707400000, 0x0000000707400000, 0x0000000707600000|  0%| F|  |TAMS 0x0000000707400000| PB 0x0000000707400000| Untracked |  0
|  48|0x0000000707600000, 0x0000000707600000, 0x0000000707800000|  0%| F|  |TAMS 0x0000000707600000| PB 0x0000000707600000| Untracked |  0
|  49|0x0000000707800000, 0x0000000707800000, 0x0000000707a00000|  0%| F|  |TAMS 0x0000000707800000| PB 0x0000000707800000| Untracked |  0
|  50|0x0000000707a00000, 0x0000000707a00000, 0x0000000707c00000|  0%| F|  |TAMS 0x0000000707a00000| PB 0x0000000707a00000| Untracked |  0
|  51|0x0000000707c00000, 0x0000000707c00000, 0x0000000707e00000|  0%| F|  |TAMS 0x0000000707c00000| PB 0x0000000707c00000| Untracked |  0
|  52|0x0000000707e00000, 0x0000000707e00000, 0x0000000708000000|  0%| F|  |TAMS 0x0000000707e00000| PB 0x0000000707e00000| Untracked |  0
|  53|0x0000000708000000, 0x0000000708000000, 0x0000000708200000|  0%| F|  |TAMS 0x0000000708000000| PB 0x0000000708000000| Untracked |  0
|  54|0x0000000708200000, 0x0000000708200000, 0x0000000708400000|  0%| F|  |TAMS 0x0000000708200000| PB 0x0000000708200000| Untracked |  0
|  55|0x0000000708400000, 0x0000000708400000, 0x0000000708600000|  0%| F|  |TAMS 0x0000000708400000| PB 0x0000000708400000| Untracked |  0
|  56|0x0000000708600000, 0x0000000708600000, 0x0000000708800000|  0%| F|  |TAMS 0x0000000708600000| PB 0x0000000708600000| Untracked |  0
|  57|0x0000000708800000, 0x0000000708800000, 0x0000000708a00000|  0%| F|  |TAMS 0x0000000708800000| PB 0x0000000708800000| Untracked |  0
|  58|0x0000000708a00000, 0x0000000708a00000, 0x0000000708c00000|  0%| F|  |TAMS 0x0000000708a00000| PB 0x0000000708a00000| Untracked |  0
|  59|0x0000000708c00000, 0x0000000708c00000, 0x0000000708e00000|  0%| F|  |TAMS 0x0000000708c00000| PB 0x0000000708c00000| Untracked |  0
|  60|0x0000000708e00000, 0x0000000708e00000, 0x0000000709000000|  0%| F|  |TAMS 0x0000000708e00000| PB 0x0000000708e00000| Untracked |  0
|  61|0x0000000709000000, 0x0000000709000000, 0x0000000709200000|  0%| F|  |TAMS 0x0000000709000000| PB 0x0000000709000000| Untracked |  0
|  62|0x0000000709200000, 0x0000000709200000, 0x0000000709400000|  0%| F|  |TAMS 0x0000000709200000| PB 0x0000000709200000| Untracked |  0
|  63|0x0000000709400000, 0x0000000709400000, 0x0000000709600000|  0%| F|  |TAMS 0x0000000709400000| PB 0x0000000709400000| Untracked |  0
|  64|0x0000000709600000, 0x0000000709600000, 0x0000000709800000|  0%| F|  |TAMS 0x0000000709600000| PB 0x0000000709600000| Untracked |  0
|  65|0x0000000709800000, 0x0000000709800000, 0x0000000709a00000|  0%| F|  |TAMS 0x0000000709800000| PB 0x0000000709800000| Untracked |  0
|  66|0x0000000709a00000, 0x0000000709a00000, 0x0000000709c00000|  0%| F|  |TAMS 0x0000000709a00000| PB 0x0000000709a00000| Untracked |  0
|  67|0x0000000709c00000, 0x0000000709c00000, 0x0000000709e00000|  0%| F|  |TAMS 0x0000000709c00000| PB 0x0000000709c00000| Untracked |  0
|  68|0x0000000709e00000, 0x0000000709e00000, 0x000000070a000000|  0%| F|  |TAMS 0x0000000709e00000| PB 0x0000000709e00000| Untracked |  0
|  69|0x000000070a000000, 0x000000070a000000, 0x000000070a200000|  0%| F|  |TAMS 0x000000070a000000| PB 0x000000070a000000| Untracked |  0
|  70|0x000000070a200000, 0x000000070a200000, 0x000000070a400000|  0%| F|  |TAMS 0x000000070a200000| PB 0x000000070a200000| Untracked |  0
|  71|0x000000070a400000, 0x000000070a400000, 0x000000070a600000|  0%| F|  |TAMS 0x000000070a400000| PB 0x000000070a400000| Untracked |  0
|  72|0x000000070a600000, 0x000000070a600000, 0x000000070a800000|  0%| F|  |TAMS 0x000000070a600000| PB 0x000000070a600000| Untracked |  0
|  73|0x000000070a800000, 0x000000070a800000, 0x000000070aa00000|  0%| F|  |TAMS 0x000000070a800000| PB 0x000000070a800000| Untracked |  0
|  74|0x000000070aa00000, 0x000000070aa00000, 0x000000070ac00000|  0%| F|  |TAMS 0x000000070aa00000| PB 0x000000070aa00000| Untracked |  0
|  75|0x000000070ac00000, 0x000000070ac00000, 0x000000070ae00000|  0%| F|  |TAMS 0x000000070ac00000| PB 0x000000070ac00000| Untracked |  0
|  76|0x000000070ae00000, 0x000000070ae00000, 0x000000070b000000|  0%| F|  |TAMS 0x000000070ae00000| PB 0x000000070ae00000| Untracked |  0
|  77|0x000000070b000000, 0x000000070b000000, 0x000000070b200000|  0%| F|  |TAMS 0x000000070b000000| PB 0x000000070b000000| Untracked |  0
|  78|0x000000070b200000, 0x000000070b200000, 0x000000070b400000|  0%| F|  |TAMS 0x000000070b200000| PB 0x000000070b200000| Untracked |  0
|  79|0x000000070b400000, 0x000000070b400000, 0x000000070b600000|  0%| F|  |TAMS 0x000000070b400000| PB 0x000000070b400000| Untracked |  0
|  80|0x000000070b600000, 0x000000070b600000, 0x000000070b800000|  0%| F|  |TAMS 0x000000070b600000| PB 0x000000070b600000| Untracked |  0
|  81|0x000000070b800000, 0x000000070b800000, 0x000000070ba00000|  0%| F|  |TAMS 0x000000070b800000| PB 0x000000070b800000| Untracked |  0
|  82|0x000000070ba00000, 0x000000070ba00000, 0x000000070bc00000|  0%| F|  |TAMS 0x000000070ba00000| PB 0x000000070ba00000| Untracked |  0
|  83|0x000000070bc00000, 0x000000070bc00000, 0x000000070be00000|  0%| F|  |TAMS 0x000000070bc00000| PB 0x000000070bc00000| Untracked |  0
|  84|0x000000070be00000, 0x000000070be00000, 0x000000070c000000|  0%| F|  |TAMS 0x000000070be00000| PB 0x000000070be00000| Untracked |  0
|  85|0x000000070c000000, 0x000000070c000000, 0x000000070c200000|  0%| F|  |TAMS 0x000000070c000000| PB 0x000000070c000000| Untracked |  0
|  86|0x000000070c200000, 0x000000070c200000, 0x000000070c400000|  0%| F|  |TAMS 0x000000070c200000| PB 0x000000070c200000| Untracked |  0
|  87|0x000000070c400000, 0x000000070c400000, 0x000000070c600000|  0%| F|  |TAMS 0x000000070c400000| PB 0x000000070c400000| Untracked |  0
|  88|0x000000070c600000, 0x000000070c600000, 0x000000070c800000|  0%| F|  |TAMS 0x000000070c600000| PB 0x000000070c600000| Untracked |  0
|  89|0x000000070c800000, 0x000000070c800000, 0x000000070ca00000|  0%| F|  |TAMS 0x000000070c800000| PB 0x000000070c800000| Untracked |  0
|  90|0x000000070ca00000, 0x000000070ca00000, 0x000000070cc00000|  0%| F|  |TAMS 0x000000070ca00000| PB 0x000000070ca00000| Untracked |  0
|  91|0x000000070cc00000, 0x000000070cc00000, 0x000000070ce00000|  0%| F|  |TAMS 0x000000070cc00000| PB 0x000000070cc00000| Untracked |  0
|  92|0x000000070ce00000, 0x000000070ce00000, 0x000000070d000000|  0%| F|  |TAMS 0x000000070ce00000| PB 0x000000070ce00000| Untracked |  0
|  93|0x000000070d000000, 0x000000070d000000, 0x000000070d200000|  0%| F|  |TAMS 0x000000070d000000| PB 0x000000070d000000| Untracked |  0
|  94|0x000000070d200000, 0x000000070d200000, 0x000000070d400000|  0%| F|  |TAMS 0x000000070d200000| PB 0x000000070d200000| Untracked |  0
|  95|0x000000070d400000, 0x000000070d400000, 0x000000070d600000|  0%| F|  |TAMS 0x000000070d400000| PB 0x000000070d400000| Untracked |  0
|  96|0x000000070d600000, 0x000000070d600000, 0x000000070d800000|  0%| F|  |TAMS 0x000000070d600000| PB 0x000000070d600000| Untracked |  0
|  97|0x000000070d800000, 0x000000070d800000, 0x000000070da00000|  0%| F|  |TAMS 0x000000070d800000| PB 0x000000070d800000| Untracked |  0
|  98|0x000000070da00000, 0x000000070da00000, 0x000000070dc00000|  0%| F|  |TAMS 0x000000070da00000| PB 0x000000070da00000| Untracked |  0
|  99|0x000000070dc00000, 0x000000070dc00000, 0x000000070de00000|  0%| F|  |TAMS 0x000000070dc00000| PB 0x000000070dc00000| Untracked |  0
| 100|0x000000070de00000, 0x000000070de00000, 0x000000070e000000|  0%| F|  |TAMS 0x000000070de00000| PB 0x000000070de00000| Untracked |  0
| 101|0x000000070e000000, 0x000000070e000000, 0x000000070e200000|  0%| F|  |TAMS 0x000000070e000000| PB 0x000000070e000000| Untracked |  0
| 102|0x000000070e200000, 0x000000070e200000, 0x000000070e400000|  0%| F|  |TAMS 0x000000070e200000| PB 0x000000070e200000| Untracked |  0
| 103|0x000000070e400000, 0x000000070e400000, 0x000000070e600000|  0%| F|  |TAMS 0x000000070e400000| PB 0x000000070e400000| Untracked |  0
| 104|0x000000070e600000, 0x000000070e600000, 0x000000070e800000|  0%| F|  |TAMS 0x000000070e600000| PB 0x000000070e600000| Untracked |  0
| 105|0x000000070e800000, 0x000000070e800000, 0x000000070ea00000|  0%| F|  |TAMS 0x000000070e800000| PB 0x000000070e800000| Untracked |  0
| 106|0x000000070ea00000, 0x000000070ea00000, 0x000000070ec00000|  0%| F|  |TAMS 0x000000070ea00000| PB 0x000000070ea00000| Untracked |  0
| 107|0x000000070ec00000, 0x000000070ec00000, 0x000000070ee00000|  0%| F|  |TAMS 0x000000070ec00000| PB 0x000000070ec00000| Untracked |  0
| 108|0x000000070ee00000, 0x000000070ee00000, 0x000000070f000000|  0%| F|  |TAMS 0x000000070ee00000| PB 0x000000070ee00000| Untracked |  0
| 109|0x000000070f000000, 0x000000070f000000, 0x000000070f200000|  0%| F|  |TAMS 0x000000070f000000| PB 0x000000070f000000| Untracked |  0
| 110|0x000000070f200000, 0x000000070f200000, 0x000000070f400000|  0%| F|  |TAMS 0x000000070f200000| PB 0x000000070f200000| Untracked |  0
| 111|0x000000070f400000, 0x000000070f400000, 0x000000070f600000|  0%| F|  |TAMS 0x000000070f400000| PB 0x000000070f400000| Untracked |  0
| 112|0x000000070f600000, 0x000000070f600000, 0x000000070f800000|  0%| F|  |TAMS 0x000000070f600000| PB 0x000000070f600000| Untracked |  0
| 113|0x000000070f800000, 0x000000070f800000, 0x000000070fa00000|  0%| F|  |TAMS 0x000000070f800000| PB 0x000000070f800000| Untracked |  0
| 114|0x000000070fa00000, 0x000000070fa00000, 0x000000070fc00000|  0%| F|  |TAMS 0x000000070fa00000| PB 0x000000070fa00000| Untracked |  0
| 115|0x000000070fc00000, 0x000000070fc00000, 0x000000070fe00000|  0%| F|  |TAMS 0x000000070fc00000| PB 0x000000070fc00000| Untracked |  0
| 116|0x000000070fe00000, 0x000000070fe00000, 0x0000000710000000|  0%| F|  |TAMS 0x000000070fe00000| PB 0x000000070fe00000| Untracked |  0
| 117|0x0000000710000000, 0x0000000710000000, 0x0000000710200000|  0%| F|  |TAMS 0x0000000710000000| PB 0x0000000710000000| Untracked |  0
| 118|0x0000000710200000, 0x0000000710200000, 0x0000000710400000|  0%| F|  |TAMS 0x0000000710200000| PB 0x0000000710200000| Untracked |  0
| 119|0x0000000710400000, 0x0000000710400000, 0x0000000710600000|  0%| F|  |TAMS 0x0000000710400000| PB 0x0000000710400000| Untracked |  0
| 120|0x0000000710600000, 0x0000000710600000, 0x0000000710800000|  0%| F|  |TAMS 0x0000000710600000| PB 0x0000000710600000| Untracked |  0
| 121|0x0000000710800000, 0x0000000710966728, 0x0000000710a00000| 70%| E|  |TAMS 0x0000000710800000| PB 0x0000000710800000| Complete |  0
| 122|0x0000000710a00000, 0x0000000710c00000, 0x0000000710c00000|100%| E|CS|TAMS 0x0000000710a00000| PB 0x0000000710a00000| Complete |  0
| 123|0x0000000710c00000, 0x0000000710e00000, 0x0000000710e00000|100%| E|CS|TAMS 0x0000000710c00000| PB 0x0000000710c00000| Complete |  0
| 124|0x0000000710e00000, 0x0000000711000000, 0x0000000711000000|100%| E|CS|TAMS 0x0000000710e00000| PB 0x0000000710e00000| Complete |  0
| 125|0x0000000711000000, 0x0000000711200000, 0x0000000711200000|100%| E|CS|TAMS 0x0000000711000000| PB 0x0000000711000000| Complete |  0
| 126|0x0000000711200000, 0x0000000711400000, 0x0000000711400000|100%| E|CS|TAMS 0x0000000711200000| PB 0x0000000711200000| Complete |  0
| 127|0x0000000711400000, 0x0000000711600000, 0x0000000711600000|100%| E|CS|TAMS 0x0000000711400000| PB 0x0000000711400000| Complete |  0

Card table byte_map: [0x0000029c5d5e0000,0x0000029c5dde0000] _byte_map_base: 0x0000029c59dd5000

Marking Bits: (CMBitMap*) 0x0000029c456fef50
 Bits: [0x0000029c5dde0000, 0x0000029c61d88000)

Polling page: 0x0000029c43470000

Metaspace:

Usage:
  Non-class:      4.67 MB used.
      Class:    518.76 KB used.
       Both:      5.18 MB used.

Virtual space:
  Non-class space:       64.00 MB reserved,       4.75 MB (  7%) committed,  1 nodes.
      Class space:        1.00 GB reserved,     576.00 KB ( <1%) committed,  1 nodes.
             Both:        1.06 GB reserved,       5.31 MB ( <1%) committed. 

Chunk freelists:
   Non-Class:  9.35 MB
       Class:  15.39 MB
        Both:  24.73 MB

MaxMetaspaceSize: unlimited
CompressedClassSpaceSize: 1.00 GB
Initial GC threshold: 21.00 MB
Current GC threshold: 21.00 MB
CDS: on
 - commit_granule_bytes: 65536.
 - commit_granule_words: 8192.
 - virtual_space_node_default_size: 8388608.
 - enlarge_chunks_in_place: 1.
 - use_allocation_guard: 0.


Internal statistics:

num_allocs_failed_limit: 0.
num_arena_births: 48.
num_arena_deaths: 0.
num_vsnodes_births: 2.
num_vsnodes_deaths: 0.
num_space_committed: 85.
num_space_uncommitted: 0.
num_chunks_returned_to_freelist: 0.
num_chunks_taken_from_freelist: 176.
num_chunk_merges: 0.
num_chunk_splits: 123.
num_chunks_enlarged: 98.
num_inconsistent_stats: 0.

CodeHeap 'non-profiled nmethods': size=120064Kb used=297Kb max_used=297Kb free=119766Kb
 bounds [0x0000029c558a0000, 0x0000029c55b10000, 0x0000029c5cde0000]
CodeHeap 'profiled nmethods': size=120000Kb used=1338Kb max_used=1338Kb free=118661Kb
 bounds [0x0000029c4dde0000, 0x0000029c4e050000, 0x0000029c55310000]
CodeHeap 'non-nmethods': size=5696Kb used=1402Kb max_used=1419Kb free=4293Kb
 bounds [0x0000029c55310000, 0x0000029c55580000, 0x0000029c558a0000]
CodeCache: size=245760Kb, used=3037Kb, max_used=3054Kb, free=242720Kb
 total_blobs=1537, nmethods=1027, adapters=416, full_count=0
Compilation: enabled, stopped_count=0, restarted_count=0

Compilation events (20 events):
Event: 2.514 Thread 0x0000029c413b9740 nmethod 1010 0x0000029c558e9808 code [0x0000029c558e9960, 0x0000029c558ea1a0]
Event: 32.112 Thread 0x0000029c41028050 1018       3       java.io.WinNTFileSystem::stripLongOrUNCPrefix (67 bytes)
Event: 32.114 Thread 0x0000029c41028050 nmethod 1018 0x0000029c4df2af08 code [0x0000029c4df2b140, 0x0000029c4df2bb80]
Event: 37.113 Thread 0x0000029c41028050 1019       3       java.util.concurrent.locks.ReentrantLock::unlock (10 bytes)
Event: 37.114 Thread 0x0000029c41028050 nmethod 1019 0x0000029c4df2bc08 code [0x0000029c4df2bd40, 0x0000029c4df2c018]
Event: 42.126 Thread 0x0000029c41028050 1020       3       sun.net.util.IPAddressUtil::scan (62 bytes)
Event: 42.127 Thread 0x0000029c41028050 nmethod 1020 0x0000029c4df2c088 code [0x0000029c4df2c240, 0x0000029c4df2cae8]
Event: 82.184 Thread 0x0000029c41028050 1021       3       sun.net.util.IPAddressUtil::checkAuth (45 bytes)
Event: 82.186 Thread 0x0000029c41028050 nmethod 1021 0x0000029c4df2cb88 code [0x0000029c4df2cda0, 0x0000029c4df2d838]
Event: 122.232 Thread 0x0000029c41028050 1023       3       java.lang.Thread::interrupted (7 bytes)
Event: 122.233 Thread 0x0000029c41028050 nmethod 1023 0x0000029c4df2d908 code [0x0000029c4df2da40, 0x0000029c4df2dca0]
Event: 122.233 Thread 0x0000029c41028050 1024       3       java.lang.Thread::getAndClearInterrupt (19 bytes)
Event: 122.233 Thread 0x0000029c41028050 nmethod 1024 0x0000029c4df2dd08 code [0x0000029c4df2de20, 0x0000029c4df2dfa0]
Event: 207.358 Thread 0x0000029c41028050 1025       3       jdk.internal.loader.BuiltinClassLoader::hasClassPath (13 bytes)
Event: 207.359 Thread 0x0000029c41028050 nmethod 1025 0x0000029c4df2e008 code [0x0000029c4df2e120, 0x0000029c4df2e280]
Event: 292.489 Thread 0x0000029c41028050 1026       3       java.io.File::isInvalid (47 bytes)
Event: 292.489 Thread 0x0000029c41028050 nmethod 1026 0x0000029c4df2e308 code [0x0000029c4df2e440, 0x0000029c4df2e6e0]
Event: 337.554 Thread 0x0000029c41028050 1027       3       sun.net.www.protocol.file.Handler::parseURL (18 bytes)
Event: 337.554 Thread 0x0000029c41028050 nmethod 1027 0x0000029c4df2e708 code [0x0000029c4df2e840, 0x0000029c4df2ea00]
Event: 337.554 Thread 0x0000029c41028050 1028       3       java.net.URLStreamHandler::parseURL (1124 bytes)

GC Heap History (0 events):
No events

Dll operation events (7 events):
Event: 0.015 Loaded shared library C:\Program Files\Java\jdk-23\bin\java.dll
Event: 0.119 Loaded shared library C:\Program Files\Java\jdk-23\bin\jsvml.dll
Event: 0.162 Loaded shared library C:\Program Files\Java\jdk-23\bin\jimage.dll
Event: 2.046 Loaded shared library C:\Program Files\Java\jdk-23\bin\net.dll
Event: 2.047 Loaded shared library C:\Program Files\Java\jdk-23\bin\nio.dll
Event: 2.052 Loaded shared library C:\Program Files\Java\jdk-23\bin\zip.dll
Event: 2.253 Loaded shared library C:\Program Files\Java\jdk-23\bin\extnet.dll

Deoptimization events (20 events):
Event: 2.406 Thread 0x0000029c434bd1a0 Uncommon trap: trap_request=0xffffff6e fr.pc=0x0000029c558d8bb8 relative=0x0000000000000418
Event: 2.406 Thread 0x0000029c434bd1a0 Uncommon trap: reason=loop_limit_check action=maybe_recompile pc=0x0000029c558d8bb8 method=java.lang.StringLatin1.indexOf([BI[BII)I @ 37 c2
Event: 2.406 Thread 0x0000029c434bd1a0 DEOPT PACKING pc=0x0000029c558d8bb8 sp=0x000000a7e48fef40
Event: 2.406 Thread 0x0000029c434bd1a0 DEOPT UNPACKING pc=0x0000029c55364402 sp=0x000000a7e48feea0 mode 2
Event: 2.463 Thread 0x0000029c434bd1a0 Uncommon trap: trap_request=0xffffff45 fr.pc=0x0000029c558b69b0 relative=0x0000000000000130
Event: 2.463 Thread 0x0000029c434bd1a0 Uncommon trap: reason=unstable_if action=reinterpret pc=0x0000029c558b69b0 method=java.lang.StringCoding.countPositives([BII)I @ 17 c2
Event: 2.463 Thread 0x0000029c434bd1a0 DEOPT PACKING pc=0x0000029c558b69b0 sp=0x000000a7e48fec10
Event: 2.463 Thread 0x0000029c434bd1a0 DEOPT UNPACKING pc=0x0000029c55364402 sp=0x000000a7e48febb0 mode 2
Event: 2.464 Thread 0x0000029c434bd1a0 Uncommon trap: trap_request=0xffffff45 fr.pc=0x0000029c558da0d4 relative=0x0000000000000054
Event: 2.464 Thread 0x0000029c434bd1a0 Uncommon trap: reason=unstable_if action=reinterpret pc=0x0000029c558da0d4 method=java.lang.CharacterData.of(I)Ljava/lang/CharacterData; @ 4 c2
Event: 2.464 Thread 0x0000029c434bd1a0 DEOPT PACKING pc=0x0000029c558da0d4 sp=0x000000a7e48fe4c0
Event: 2.464 Thread 0x0000029c434bd1a0 DEOPT UNPACKING pc=0x0000029c55364402 sp=0x000000a7e48fe460 mode 2
Event: 7.077 Thread 0x0000029c4124d2b0 Uncommon trap: trap_request=0xffffff45 fr.pc=0x0000029c558e670c relative=0x000000000000010c
Event: 7.077 Thread 0x0000029c4124d2b0 Uncommon trap: reason=unstable_if action=reinterpret pc=0x0000029c558e670c method=java.util.concurrent.locks.AbstractQueuedSynchronizer.signalNext(Ljava/util/concurrent/locks/AbstractQueuedSynchronizer$Node;)V @ 1 c2
Event: 7.077 Thread 0x0000029c4124d2b0 DEOPT PACKING pc=0x0000029c558e670c sp=0x000000a7e5aff4f0
Event: 7.077 Thread 0x0000029c4124d2b0 DEOPT UNPACKING pc=0x0000029c55364402 sp=0x000000a7e5aff3e0 mode 2
Event: 42.126 Thread 0x0000029c4124d2b0 Uncommon trap: trap_request=0xffffff45 fr.pc=0x0000029c558e72c0 relative=0x0000000000000040
Event: 42.126 Thread 0x0000029c4124d2b0 Uncommon trap: reason=unstable_if action=reinterpret pc=0x0000029c558e72c0 method=java.util.concurrent.locks.AbstractQueuedSynchronizer.signalNext(Ljava/util/concurrent/locks/AbstractQueuedSynchronizer$Node;)V @ 1 c2
Event: 42.126 Thread 0x0000029c4124d2b0 DEOPT PACKING pc=0x0000029c558e72c0 sp=0x000000a7e5aff4c0
Event: 42.126 Thread 0x0000029c4124d2b0 DEOPT UNPACKING pc=0x0000029c55364402 sp=0x000000a7e5aff450 mode 2

Classes loaded (20 events):
Event: 2.499 Loading class java/security/Key
Event: 2.499 Loading class java/security/Key done
Event: 2.499 Loading class java/security/AsymmetricKey done
Event: 2.499 Loading class javax/security/auth/Destroyable
Event: 2.499 Loading class javax/security/auth/Destroyable done
Event: 2.500 Loading class java/security/PrivateKey done
Event: 2.500 Loading class java/security/spec/InvalidKeySpecException
Event: 2.500 Loading class java/security/spec/InvalidKeySpecException done
Event: 2.500 Loading class java/security/spec/KeySpec
Event: 2.500 Loading class java/security/spec/KeySpec done
Event: 2.500 Loading class javax/crypto/NoSuchPaddingException
Event: 2.500 Loading class javax/crypto/NoSuchPaddingException done
Event: 2.500 Loading class javax/crypto/IllegalBlockSizeException
Event: 2.500 Loading class javax/crypto/IllegalBlockSizeException done
Event: 2.500 Loading class javax/crypto/BadPaddingException
Event: 2.500 Loading class javax/crypto/BadPaddingException done
Event: 2.500 Loading class java/security/cert/CertificateException
Event: 2.500 Loading class java/security/cert/CertificateException done
Event: 2.500 Loading class javax/net/ssl/SSLSocket
Event: 2.500 Loading class javax/net/ssl/SSLSocket done

Classes unloaded (0 events):
No events

Classes redefined (0 events):
No events

Internal exceptions (7 events):
Event: 2.067 Thread 0x0000029c434bd1a0 Exception <a 'java/lang/NoSuchMethodError'{0x00000007112b1e40}: 'void java.lang.invoke.DirectMethodHandle$Holder.invokeStatic(java.lang.Object, java.lang.Object)'> (0x00000007112b1e40) 
thrown [s\open\src\hotspot\share\interpreter\linkResolver.cpp, line 796]
Event: 2.101 Thread 0x0000029c434bd1a0 Exception <a 'java/lang/NoSuchMethodError'{0x00000007113a3e10}: 'java.lang.Object java.lang.invoke.DirectMethodHandle$Holder.invokeInterface(java.lang.Object, java.lang.Object)'> (0x00000007113a3e10) 
thrown [s\open\src\hotspot\share\interpreter\linkResolver.cpp, line 796]
Event: 2.128 Thread 0x0000029c434bd1a0 Exception <a 'java/lang/NoSuchMethodError'{0x000000071102cb38}: 'void java.lang.invoke.DirectMethodHandle$Holder.invokeSpecial(java.lang.Object, java.lang.Object, java.lang.Object)'> (0x000000071102cb38) 
thrown [s\open\src\hotspot\share\interpreter\linkResolver.cpp, line 796]
Event: 2.130 Thread 0x0000029c434bd1a0 Exception <a 'java/lang/NoSuchMethodError'{0x0000000711039040}: 'java.lang.Object java.lang.invoke.DirectMethodHandle$Holder.invokeVirtual(java.lang.Object, java.lang.Object, java.lang.Object)'> (0x0000000711039040) 
thrown [s\open\src\hotspot\share\interpreter\linkResolver.cpp, line 796]
Event: 2.496 Thread 0x0000029c434bd1a0 Exception <a 'java/lang/NoSuchMethodError'{0x00000007108ef9d8}: 'int java.lang.invoke.DirectMethodHandle$Holder.invokeSpecial(java.lang.Object, java.lang.Object, java.lang.Object)'> (0x00000007108ef9d8) 
thrown [s\open\src\hotspot\share\interpreter\linkResolver.cpp, line 796]
Event: 2.501 Thread 0x0000029c434bd1a0 Exception <a 'java/lang/NoSuchMethodError'{0x00000007109117b0}: 'void java.lang.invoke.DirectMethodHandle$Holder.invokeStaticInit(java.lang.Object, java.lang.Object)'> (0x00000007109117b0) 
thrown [s\open\src\hotspot\share\interpreter\linkResolver.cpp, line 796]
Event: 2.507 Thread 0x0000029c434bd1a0 Exception <a 'java/lang/NoSuchMethodError'{0x0000000710925f38}: 'void java.lang.invoke.DirectMethodHandle$Holder.invokeInterface(java.lang.Object, java.lang.Object)'> (0x0000000710925f38) 
thrown [s\open\src\hotspot\share\interpreter\linkResolver.cpp, line 796]

VM Operations (8 events):
Event: 2.053 Executing VM operation: HandshakeAllThreads (Deoptimize)
Event: 2.053 Executing VM operation: HandshakeAllThreads (Deoptimize) done
Event: 2.122 Executing VM operation: HandshakeAllThreads (Deoptimize)
Event: 2.123 Executing VM operation: HandshakeAllThreads (Deoptimize) done
Event: 60.221 Executing VM operation: HandshakeAllThreads (HandshakeForDeflation)
Event: 60.221 Executing VM operation: HandshakeAllThreads (HandshakeForDeflation) done
Event: 60.221 Executing VM operation: RendezvousGCThreads
Event: 60.221 Executing VM operation: RendezvousGCThreads done

Memory protections (0 events):
No events

Nmethod flushes (0 events):
No events

Events (14 events):
Event: 0.098 Thread 0x0000029c434bd1a0 Thread added: 0x0000029c434bd1a0
Event: 0.116 Thread 0x0000029c434bd1a0 Thread added: 0x0000029c6426c060
Event: 0.116 Thread 0x0000029c434bd1a0 Thread added: 0x0000029c6426d7d0
Event: 0.117 Thread 0x0000029c434bd1a0 Thread added: 0x0000029c64270760
Event: 0.117 Thread 0x0000029c434bd1a0 Thread added: 0x0000029c642731d0
Event: 0.117 Thread 0x0000029c434bd1a0 Thread added: 0x0000029c64274580
Event: 0.117 Thread 0x0000029c434bd1a0 Thread added: 0x0000029c64275930
Event: 0.117 Thread 0x0000029c434bd1a0 Thread added: 0x0000029c642a46e0
Event: 0.118 Thread 0x0000029c434bd1a0 Thread added: 0x0000029c41028050
Event: 0.153 Thread 0x0000029c434bd1a0 Thread added: 0x0000029c4113a8c0
Event: 0.158 Thread 0x0000029c434bd1a0 Thread added: 0x0000029c41142770
Event: 2.068 Thread 0x0000029c434bd1a0 Thread added: 0x0000029c4124d2b0
Event: 2.168 Thread 0x0000029c41028050 Thread added: 0x0000029c413b9740
Event: 7.516 Thread 0x0000029c413b9740 Thread exited: 0x0000029c413b9740


Dynamic libraries:
0x00007ff6fa4c0000 - 0x00007ff6fa4d0000 	C:\Program Files\Java\jdk-23\bin\javaw.exe
0x00007fff92350000 - 0x00007fff92567000 	C:\Windows\SYSTEM32\ntdll.dll
0x00007fff90920000 - 0x00007fff909e4000 	C:\Windows\System32\KERNEL32.DLL
0x00007fff8f9e0000 - 0x00007fff8fd97000 	C:\Windows\System32\KERNELBASE.dll
0x00007fff8fda0000 - 0x00007fff8feb1000 	C:\Windows\System32\ucrtbase.dll
0x00007fff8ba50000 - 0x00007fff8ba67000 	C:\Program Files\Java\jdk-23\bin\jli.dll
0x00007fff91530000 - 0x00007fff916df000 	C:\Windows\System32\USER32.dll
0x00007fff90050000 - 0x00007fff90076000 	C:\Windows\System32\win32u.dll
0x00007fff917e0000 - 0x00007fff91809000 	C:\Windows\System32\GDI32.dll
0x00007fff8f7d0000 - 0x00007fff8f8e8000 	C:\Windows\System32\gdi32full.dll
0x00007fff8ffb0000 - 0x00007fff9004a000 	C:\Windows\System32\msvcp_win.dll
0x00007fff819e0000 - 0x00007fff81c73000 	C:\Windows\WinSxS\amd64_microsoft.windows.common-controls_6595b64144ccf1df_6.0.22621.3672_none_2713b9d173822955\COMCTL32.dll
0x00007fff8ba70000 - 0x00007fff8ba8b000 	C:\Program Files\Java\jdk-23\bin\VCRUNTIME140.dll
0x00007fff90080000 - 0x00007fff90127000 	C:\Windows\System32\msvcrt.dll
0x00007fff90780000 - 0x00007fff907b1000 	C:\Windows\System32\IMM32.DLL
0x00007fff8c060000 - 0x00007fff8c06c000 	C:\Program Files\Java\jdk-23\bin\vcruntime140_1.dll
0x00007fff842d0000 - 0x00007fff8435e000 	C:\Program Files\Java\jdk-23\bin\msvcp140.dll
0x00007fff4dca0000 - 0x00007fff4e9f0000 	C:\Program Files\Java\jdk-23\bin\server\jvm.dll
0x00007fff90e40000 - 0x00007fff90ef2000 	C:\Windows\System32\ADVAPI32.dll
0x00007fff905c0000 - 0x00007fff90668000 	C:\Windows\System32\sechost.dll
0x00007fff8ff80000 - 0x00007fff8ffa8000 	C:\Windows\System32\bcrypt.dll
0x00007fff91290000 - 0x00007fff913a4000 	C:\Windows\System32\RPCRT4.dll
0x00007fff916e0000 - 0x00007fff91751000 	C:\Windows\System32\WS2_32.dll
0x00007fff8f530000 - 0x00007fff8f57d000 	C:\Windows\SYSTEM32\POWRPROF.dll
0x00007fff81820000 - 0x00007fff81854000 	C:\Windows\SYSTEM32\WINMM.dll
0x00007fff7dbc0000 - 0x00007fff7dbca000 	C:\Windows\SYSTEM32\VERSION.dll
0x00007fff8f510000 - 0x00007fff8f523000 	C:\Windows\SYSTEM32\UMPDC.dll
0x00007fff8e6b0000 - 0x00007fff8e6c8000 	C:\Windows\SYSTEM32\kernel.appcore.dll
0x00007fff8bc40000 - 0x00007fff8bc4a000 	C:\Program Files\Java\jdk-23\bin\jimage.dll
0x00007fff7c510000 - 0x00007fff7c742000 	C:\Windows\SYSTEM32\DBGHELP.DLL
0x00007fff90f00000 - 0x00007fff9128e000 	C:\Windows\System32\combase.dll
0x00007fff91810000 - 0x00007fff918e7000 	C:\Windows\System32\OLEAUT32.dll
0x00007fff7ab00000 - 0x00007fff7ab32000 	C:\Windows\SYSTEM32\dbgcore.DLL
0x00007fff8f960000 - 0x00007fff8f9db000 	C:\Windows\System32\bcryptPrimitives.dll
0x00007fff8b900000 - 0x00007fff8b91e000 	C:\Program Files\Java\jdk-23\bin\java.dll
0x00007fff918f0000 - 0x00007fff91a95000 	C:\Windows\System32\ole32.dll
0x00007fff91aa0000 - 0x00007fff92309000 	C:\Windows\System32\SHELL32.dll
0x00007fff8d5c0000 - 0x00007fff8debf000 	C:\Windows\SYSTEM32\windows.storage.dll
0x00007fff8d480000 - 0x00007fff8d5bf000 	C:\Windows\SYSTEM32\wintypes.dll
0x00007fff90d40000 - 0x00007fff90e39000 	C:\Windows\System32\SHCORE.dll
0x00007fff906d0000 - 0x00007fff9072e000 	C:\Windows\System32\shlwapi.dll
0x00007fff8f590000 - 0x00007fff8f5b7000 	C:\Windows\SYSTEM32\profapi.dll
0x00007fff62dd0000 - 0x00007fff62ea7000 	C:\Program Files\Java\jdk-23\bin\jsvml.dll
0x00007fff8b9d0000 - 0x00007fff8b9e0000 	C:\Program Files\Java\jdk-23\bin\net.dll
0x00007fff8eb20000 - 0x00007fff8eb89000 	C:\Windows\system32\mswsock.dll
0x00007fff888e0000 - 0x00007fff888f6000 	C:\Program Files\Java\jdk-23\bin\nio.dll
0x00007fff86bc0000 - 0x00007fff86bd7000 	C:\Program Files\Java\jdk-23\bin\zip.dll
0x00007fff8e190000 - 0x00007fff8e292000 	C:\Windows\SYSTEM32\DNSAPI.dll
0x00007fff8e160000 - 0x00007fff8e18d000 	C:\Windows\SYSTEM32\IPHLPAPI.DLL
0x00007fff90d30000 - 0x00007fff90d39000 	C:\Windows\System32\NSI.dll
0x00007fff878a0000 - 0x00007fff878aa000 	C:\Windows\System32\rasadhlp.dll
0x00007fff89370000 - 0x00007fff893f3000 	C:\Windows\System32\fwpuclnt.dll
0x00007fff86fd0000 - 0x00007fff86fd9000 	C:\Program Files\Java\jdk-23\bin\extnet.dll

dbghelp: loaded successfully - version: 4.0.5 - missing functions: none
symbol engine: initialized successfully - sym options: 0x614 - pdb path: .;C:\Program Files\Java\jdk-23\bin;C:\Windows\SYSTEM32;C:\Windows\WinSxS\amd64_microsoft.windows.common-controls_6595b64144ccf1df_6.0.22621.3672_none_2713b9d173822955;C:\Program Files\Java\jdk-23\bin\server

VM Arguments:
jvm_args: -Dfile.encoding=UTF-8 -Dstdout.encoding=UTF-8 -Dstderr.encoding=UTF-8 -XX:+ShowCodeDetailsInExceptionMessages 
java_command: miPaquete.Principal
java_class_path (initial): C:\programacion\java\Programacion_H2_Parte1_3T_DiegoGranado\bin;C:\programacion\java\jdbc\mysql-connector-j-9.3.0.jar
Launcher Type: SUN_STANDARD

[Global flags]
     intx CICompilerCount                          = 3                                         {product} {ergonomic}
     uint ConcGCThreads                            = 1                                         {product} {ergonomic}
     uint G1ConcRefinementThreads                  = 4                                         {product} {ergonomic}
   size_t G1HeapRegionSize                         = 2097152                                   {product} {ergonomic}
   size_t InitialHeapSize                          = 268435456                                 {product} {ergonomic}
   size_t MarkStackSize                            = 4194304                                   {product} {ergonomic}
   size_t MarkStackSizeMax                         = 536870912                                 {product} {ergonomic}
   size_t MaxHeapSize                              = 4271898624                                {product} {ergonomic}
   size_t MaxNewSize                               = 2562719744                                {product} {ergonomic}
   size_t MinHeapDeltaBytes                        = 2097152                                   {product} {ergonomic}
   size_t MinHeapSize                              = 8388608                                   {product} {ergonomic}
    uintx NonNMethodCodeHeapSize                   = 5832704                                {pd product} {ergonomic}
    uintx NonProfiledCodeHeapSize                  = 122945536                              {pd product} {ergonomic}
    uintx ProfiledCodeHeapSize                     = 122880000                              {pd product} {ergonomic}
    uintx ReservedCodeCacheSize                    = 251658240                              {pd product} {ergonomic}
     bool SegmentedCodeCache                       = true                                      {product} {ergonomic}
     bool ShowCodeDetailsInExceptionMessages       = true                                   {manageable} {command line}
   size_t SoftMaxHeapSize                          = 4271898624                             {manageable} {ergonomic}
     bool UseCompressedOops                        = true                           {product lp64_product} {ergonomic}
     bool UseG1GC                                  = true                                      {product} {ergonomic}
     bool UseLargePagesIndividualAllocation        = false                                  {pd product} {ergonomic}

Logging:
Log output configuration:
 #0: stdout all=warning uptime,level,tags foldmultilines=false
 #1: stderr all=off uptime,level,tags foldmultilines=false

Environment Variables:
PATH=C:\app\CAMPUSFP\product\21c\dbhomeXE\bin;C:\Program Files\Common Files\Oracle\Java\javapath;C:\Windows\system32;C:\Windows;C:\Windows\System32\Wbem;C:\Windows\System32\WindowsPowerShell\v1.0\;C:\Windows\System32\OpenSSH\;C:\Program Files\Git\cmd;C:\Program Files\Docker\Docker\resources\bin;C:\Program Files\MySQL\MySQL Shell 8.0\bin\;C:\Users\CAMPUSFP\AppData\Local\Microsoft\WindowsApps;C:\Users\CAMPUSFP\AppData\Local\Programs\Microsoft VS Code\bin;C:\ProgramData\CAMPUSFP\GitHubDesktop\bin;C:\Users\CAMPUSFP\AppData\Local\GitHubDesktop\bin;C:\XAMPP\php;C:\Users\CAMPUSFP\.lmstudio\bin;C:\Program Files\MongoDB\Server\8.0\bin;
USERNAME=CAMPUSFP
OS=Windows_NT
PROCESSOR_IDENTIFIER=Intel64 Family 6 Model 60 Stepping 3, GenuineIntel
TMP=C:\Users\CAMPUSFP\AppData\Local\Temp
TEMP=C:\Users\CAMPUSFP\AppData\Local\Temp




Periodic native trim disabled

---------------  S Y S T E M  ---------------

OS:
 Windows 11 , 64 bit Build 22621 (10.0.22621.3958)
OS uptime: 107 days 22:05 hours
Hyper-V role detected

CPU: total 4 (initial active 4) (4 cores per cpu, 1 threads per core) family 6 model 60 stepping 3 microcode 0x28, cx8, cmov, fxsr, mmx, sse, sse2, sse3, ssse3, sse4.1, sse4.2, popcnt, lzcnt, tsc, tscinvbit, avx, avx2, aes, erms, clmul, bmi1, bmi2, fma, vzeroupper, clflush, hv, rdtscp, f16c
Processor Information for the first 4 processors :
  Max Mhz: 2301, Current Mhz: 2301, Mhz Limit: 2301

Memory: 4k page, system-wide physical 16290M (5082M free)
TotalPageFile size 65442M (AvailPageFile size 29M)
current process WorkingSet (physical memory assigned to process): 62M, peak: 64M
current process commit charge ("private bytes"): 341M, peak: 344M

vm_info: Java HotSpot(TM) 64-Bit Server VM (23.0.2+7-58) for windows-amd64 JRE (23.0.2+7-58), built on 2024-11-29T09:34:55Z with MS VC++ 17.6 (VS2022)

END.
